<?xml version="1.0" encoding="UTF-8"?>
<!-- Generated by org.testng.reporters.JUnitReportReporter -->
<testsuite hostname="ITCOCCO-ASBKG4O" name="browser_Testsuite_GoogleServices.Googleplus" tests="1" failures="0" timestamp="28 Mar 2018 10:09:18 GMT" time="238.102" errors="0">
  <testcase name="GoogleService_GooglePlus" time="238.102" classname="browser_Testsuite_GoogleServices.Googleplus"/>
</testsuite> <!-- browser_Testsuite_GoogleServices.Googleplus -->
