<?xml version="1.0" encoding="UTF-8"?>
<!-- Generated by org.testng.reporters.JUnitReportReporter -->
<testsuite hostname="ITCOCCO-ASBKG4O" name="browser_Testsuite_GoogleServices.DownloadCocCoc" tests="1" failures="0" timestamp="8 Feb 2018 11:43:10 GMT" time="166.042" errors="0">
  <testcase name="Google_services_download_01_02" time="166.042" classname="browser_Testsuite_GoogleServices.DownloadCocCoc"/>
</testsuite> <!-- browser_Testsuite_GoogleServices.DownloadCocCoc -->
