<?xml version="1.0" encoding="UTF-8"?>
<!-- Generated by org.testng.reporters.JUnitReportReporter -->
<testsuite hostname="ITCOCCO-ASBKG4O" name="browser_Testsuite_GoogleServices.GoogleCalendar" tests="1" failures="0" timestamp="28 Feb 2018 12:09:59 GMT" time="37.038" errors="0">
  <testcase name="GoogleServices_GoogleCalendar_03" time="37.038" classname="browser_Testsuite_GoogleServices.GoogleCalendar"/>
</testsuite> <!-- browser_Testsuite_GoogleServices.GoogleCalendar -->
