<?xml version="1.0" encoding="UTF-8"?>
<!-- Generated by org.testng.reporters.JUnitReportReporter -->
<testsuite hostname="ITCOCCO-ASBKG4O" name="browser_Testsuite_GoogleServices.Geolocation" tests="1" failures="0" timestamp="30 Mar 2018 13:45:25 GMT" time="189.270" errors="0">
  <testcase name="Google_Services_Geolocation_01_02_03" time="189.270" classname="browser_Testsuite_GoogleServices.Geolocation"/>
</testsuite> <!-- browser_Testsuite_GoogleServices.Geolocation -->
