<?xml version="1.0" encoding="UTF-8"?>
<!-- Generated by org.testng.reporters.JUnitReportReporter -->
<testsuite hostname="ITCOCCO-ASBKG4O" name="browser_Testsuite_GoogleServices.GoogleCalendar" tests="1" failures="0" timestamp="15 Mar 2018 10:30:07 GMT" time="213.902" errors="0">
  <testcase name="GoogleServices_GoogleCalendar" time="213.902" classname="browser_Testsuite_GoogleServices.GoogleCalendar"/>
</testsuite> <!-- browser_Testsuite_GoogleServices.GoogleCalendar -->
